<?xml version="1.0" encoding="UTF-8"?>
<!-- Generated by org.testng.reporters.JUnitReportReporter -->
<testsuite hostname="LAPTOP-A0PV6E41" failures="0" tests="1" name="sendingbodyasObject.postComplexJsonExample" time="3.790" errors="0" timestamp="2023-11-01T15:56:12 IST" skipped="0">
  <testcase classname="sendingbodyasObject.postComplexJsonExample" name="postCallEx1" time="3.790"/>
  <system-out/>
</testsuite> <!-- sendingbodyasObject.postComplexJsonExample -->
