<?xml version="1.0" encoding="UTF-8"?>
<!-- Generated by org.testng.reporters.JUnitReportReporter -->
<testsuite hostname="LAPTOP-A0PV6E41" failures="0" tests="1" name="fetch_data_from_response.extract_complex_jsonData" time="65.799" errors="0" timestamp="2023-10-28T12:33:34 IST" skipped="0">
  <testcase classname="fetch_data_from_response.extract_complex_jsonData" name="getUserDetails" time="65.799"/>
  <system-out/>
</testsuite> <!-- fetch_data_from_response.extract_complex_jsonData -->
