<?xml version="1.0" encoding="UTF-8"?>
<!-- Generated by org.testng.reporters.JUnitReportReporter -->
<testsuite hostname="LAPTOP-A0PV6E41" failures="0" tests="2" name="apiChaining.CreateUserAndGetUser" time="4.640" errors="0" timestamp="2023-10-31T13:16:04 IST" skipped="0">
  <testcase classname="apiChaining.CreateUserAndGetUser" name="createAnUser" time="3.424"/>
  <system-out/>
  <testcase classname="apiChaining.CreateUserAndGetUser" name="getUserDetails" time="1.216"/>
  <system-out/>
</testsuite> <!-- apiChaining.CreateUserAndGetUser -->
