<?xml version="1.0" encoding="UTF-8"?>
<!-- Generated by org.testng.reporters.JUnitReportReporter -->
<testsuite hostname="LAPTOP-A0PV6E41" failures="0" tests="1" name="basicsapicalls.FetchDataOfHeader2" time="1.761" errors="0" timestamp="2023-10-30T12:55:14 IST" skipped="0">
  <testcase classname="basicsapicalls.FetchDataOfHeader2" name="fetch_Data_From_Header" time="1.761"/>
  <system-out/>
</testsuite> <!-- basicsapicalls.FetchDataOfHeader2 -->
