<?xml version="1.0" encoding="UTF-8"?>
<!-- Generated by org.testng.reporters.JUnitReportReporter -->
<testsuite hostname="LAPTOP-A0PV6E41" failures="0" tests="1" name="sendingbodyasObject.SendingJsonAsObject" time="3.758" errors="0" timestamp="2023-10-31T16:23:06 IST" skipped="0">
  <testcase classname="sendingbodyasObject.SendingJsonAsObject" name="createWorkSpace" time="3.758"/>
  <system-out/>
</testsuite> <!-- sendingbodyasObject.SendingJsonAsObject -->
