<?xml version="1.0" encoding="UTF-8"?>
<!-- Generated by org.testng.reporters.JUnitReportReporter -->
<testsuite hostname="LAPTOP-A0PV6E41" failures="0" tests="1" name="basicsapicalls.createworkspace" time="4.604" errors="0" timestamp="2023-10-27T12:48:18 IST" skipped="0">
  <testcase classname="basicsapicalls.createworkspace" name="createWorkspace" time="4.604"/>
  <system-out/>
</testsuite> <!-- basicsapicalls.createworkspace -->
