<?xml version="1.0" encoding="UTF-8"?>
<!-- Generated by org.testng.reporters.JUnitReportReporter -->
<testsuite hostname="LAPTOP-A0PV6E41" failures="0" tests="1" name="sendingbodyasObject.ComplexPostCall" time="3.758" errors="0" timestamp="2023-11-01T13:27:53 IST" skipped="0">
  <testcase classname="sendingbodyasObject.ComplexPostCall" name="postCall" time="3.758"/>
  <system-out/>
</testsuite> <!-- sendingbodyasObject.ComplexPostCall -->
