<?xml version="1.0" encoding="UTF-8"?>
<!-- Generated by org.testng.reporters.JUnitReportReporter -->
<testsuite hostname="LAPTOP-A0PV6E41" failures="0" tests="2" name="apiChaining.Prog1" time="4.756" errors="0" timestamp="2023-10-31T11:25:29 IST" skipped="0">
  <testcase classname="apiChaining.Prog1" name="prog1" time="3.497"/>
  <system-out/>
  <testcase classname="apiChaining.Prog1" name="prog2" time="1.259"/>
  <system-out/>
</testsuite> <!-- apiChaining.Prog1 -->
