<?xml version="1.0" encoding="UTF-8"?>
<!-- Generated by org.testng.reporters.JUnitReportReporter -->
<testsuite hostname="LAPTOP-A0PV6E41" failures="0" tests="1" name="fetch_data_from_response.Fetct_Data_From_Readymade_Json" time="1.431" errors="0" timestamp="2023-10-29T18:07:24 IST" skipped="0">
  <testcase classname="fetch_data_from_response.Fetct_Data_From_Readymade_Json" name="fetchDataFromJson" time="1.431"/>
  <system-out/>
</testsuite> <!-- fetch_data_from_response.Fetct_Data_From_Readymade_Json -->
