<?xml version="1.0" encoding="UTF-8"?>
<!-- Generated by org.testng.reporters.JUnitReportReporter -->
<testsuite hostname="LAPTOP-A0PV6E41" failures="0" tests="1" name="UploadAndDownload.Upload_File" time="5.344" errors="0" timestamp="2023-11-02T12:14:49 IST" skipped="0">
  <testcase classname="UploadAndDownload.Upload_File" name="uploadFile" time="5.344"/>
  <system-out/>
</testsuite> <!-- UploadAndDownload.Upload_File -->
