<?xml version="1.0" encoding="UTF-8"?>
<!-- Generated by org.testng.reporters.JUnitReportReporter -->
<testsuite hostname="LAPTOP-A0PV6E41" failures="0" tests="1" name="path_query_Parameters.path_parameter" time="2.086" errors="0" timestamp="2023-10-30T15:02:14 IST" skipped="0">
  <testcase classname="path_query_Parameters.path_parameter" name="getUserDetail" time="2.086"/>
  <system-out/>
</testsuite> <!-- path_query_Parameters.path_parameter -->
