<?xml version="1.0" encoding="UTF-8"?>
<!-- Generated by org.testng.reporters.JUnitReportReporter -->
<testsuite hostname="LAPTOP-A0PV6E41" failures="0" tests="1" name="basicsapicalls.deleteworkspace" time="2.709" errors="0" timestamp="2023-10-27T14:11:15 IST" skipped="0">
  <testcase classname="basicsapicalls.deleteworkspace" name="deleteWorkspace" time="2.709"/>
  <system-out/>
</testsuite> <!-- basicsapicalls.deleteworkspace -->
