<?xml version="1.0" encoding="UTF-8"?>
<!-- Generated by org.testng.reporters.JUnitReportReporter -->
<testsuite hostname="LAPTOP-A0PV6E41" failures="0" tests="1" name="path_query_Parameters.query_parameter" time="2.157" errors="0" timestamp="2023-10-30T15:20:05 IST" skipped="0">
  <testcase classname="path_query_Parameters.query_parameter" name="getUserDetails" time="2.157"/>
  <system-out/>
</testsuite> <!-- path_query_Parameters.query_parameter -->
