<?xml version="1.0" encoding="UTF-8"?>
<!-- Generated by org.testng.reporters.JUnitReportReporter -->
<testsuite hostname="LAPTOP-A0PV6E41" failures="0" tests="2" name="apiChaining.CreateWorkspaceAndGetDetails" time="4.835" errors="0" timestamp="2023-10-31T15:01:18 IST" skipped="0">
  <testcase classname="apiChaining.CreateWorkspaceAndGetDetails" name="createWorkspace" time="3.084"/>
  <system-out/>
  <testcase classname="apiChaining.CreateWorkspaceAndGetDetails" name="getDetails" time="1.751"/>
  <system-out/>
</testsuite> <!-- apiChaining.CreateWorkspaceAndGetDetails -->
