<?xml version="1.0" encoding="UTF-8"?>
<!-- Generated by org.testng.reporters.JUnitReportReporter -->
<testsuite hostname="LAPTOP-A0PV6E41" failures="0" tests="1" name="basicsapicalls.GetSingleUser" time="67.014" errors="0" timestamp="2023-10-26T15:41:28 IST" skipped="0">
  <testcase classname="basicsapicalls.GetSingleUser" name="getUserInfo" time="67.014"/>
  <system-out/>
</testsuite> <!-- basicsapicalls.GetSingleUser -->
