<?xml version="1.0" encoding="UTF-8"?>
<!-- Generated by org.testng.reporters.JUnitReportReporter -->
<testsuite hostname="LAPTOP-A0PV6E41" failures="0" tests="2" name="Ecomm_App.LoginAPI" time="3.243" errors="0" timestamp="2023-11-02T17:07:33 IST" skipped="0">
  <testcase classname="Ecomm_App.LoginAPI" name="loginAPICall" time="2.943"/>
  <system-out/>
  <testcase classname="Ecomm_App.LoginAPI" name="addProduct" time="0.300"/>
  <system-out/>
</testsuite> <!-- Ecomm_App.LoginAPI -->
