<?xml version="1.0" encoding="UTF-8"?>
<!-- Generated by org.testng.reporters.JUnitReportReporter -->
<testsuite hostname="LAPTOP-A0PV6E41" failures="0" tests="1" name="basicsapicalls.HeadCall" time="3.346" errors="0" timestamp="2023-10-27T16:31:42 IST" skipped="0">
  <testcase classname="basicsapicalls.HeadCall" name="headMethod" time="3.346"/>
  <system-out/>
</testsuite> <!-- basicsapicalls.HeadCall -->
