<?xml version="1.0" encoding="UTF-8"?>
<!-- Generated by org.testng.reporters.JUnitReportReporter -->
<testsuite hostname="LAPTOP-A0PV6E41" failures="0" tests="1" name="assertionfromRestAssured.assertionProg1" time="4.508" errors="0" timestamp="2023-10-30T14:47:27 IST" skipped="0">
  <testcase classname="assertionfromRestAssured.assertionProg1" name="getAllWorkspace" time="4.508"/>
  <system-out/>
</testsuite> <!-- assertionfromRestAssured.assertionProg1 -->
