<?xml version="1.0" encoding="UTF-8"?>
<!-- Generated by org.testng.reporters.JUnitReportReporter -->
<testsuite hostname="LAPTOP-A0PV6E41" failures="0" tests="1" name="basicsapicalls.Get_Postman_Workspace" time="3.326" errors="0" timestamp="2023-10-27T11:33:49 IST" skipped="0">
  <testcase classname="basicsapicalls.Get_Postman_Workspace" name="getAllWorkspace" time="3.326"/>
  <system-out/>
</testsuite> <!-- basicsapicalls.Get_Postman_Workspace -->
