<?xml version="1.0" encoding="UTF-8"?>
<!-- Generated by org.testng.reporters.JUnitReportReporter -->
<testsuite hostname="LAPTOP-A0PV6E41" failures="0" tests="2" name="specbuilders.ReqResSpecBuilder" time="4.188" errors="0" timestamp="2023-10-31T13:51:08 IST" skipped="0">
  <testcase classname="specbuilders.ReqResSpecBuilder" name="createAnUser" time="2.909"/>
  <system-out/>
  <testcase classname="specbuilders.ReqResSpecBuilder" name="getUserDetails" time="1.279"/>
  <system-out/>
</testsuite> <!-- specbuilders.ReqResSpecBuilder -->
