<?xml version="1.0" encoding="UTF-8"?>
<!-- Generated by org.testng.reporters.JUnitReportReporter -->
<testsuite hostname="LAPTOP-A0PV6E41" failures="0" tests="1" name="sendingbodyasObject.Mock_GetReq" time="3.309" errors="0" timestamp="2023-11-01T12:02:38 IST" skipped="0">
  <testcase classname="sendingbodyasObject.Mock_GetReq" name="getResponse" time="3.309"/>
  <system-out/>
</testsuite> <!-- sendingbodyasObject.Mock_GetReq -->
