<?xml version="1.0" encoding="UTF-8"?>
<!-- Generated by org.testng.reporters.JUnitReportReporter -->
<testsuite hostname="LAPTOP-A0PV6E41" failures="0" tests="1" name="basicsapicalls.Get_User_Details" time="1.727" errors="0" timestamp="2023-10-26T11:10:54 IST" skipped="0">
  <testcase classname="basicsapicalls.Get_User_Details" name="getUserDetails" time="1.727"/>
  <system-out/>
</testsuite> <!-- basicsapicalls.Get_User_Details -->
