<?xml version="1.0" encoding="UTF-8"?>
<!-- Generated by org.testng.reporters.JUnitReportReporter -->
<testsuite hostname="LAPTOP-A0PV6E41" failures="0" tests="1" name="sendingbodyasObject.SendingBodyUsingString" time="2.330" errors="0" timestamp="2023-10-31T15:41:24 IST" skipped="0">
  <testcase classname="sendingbodyasObject.SendingBodyUsingString" name="createAnUser" time="2.330"/>
  <system-out/>
</testsuite> <!-- sendingbodyasObject.SendingBodyUsingString -->
