<?xml version="1.0" encoding="UTF-8"?>
<!-- Generated by org.testng.reporters.JUnitReportReporter -->
<testsuite hostname="LAPTOP-A0PV6E41" failures="0" tests="1" name="fetch_data_from_response.create_workspace" time="3.917" errors="0" timestamp="2023-10-27T17:36:25 IST" skipped="0">
  <testcase classname="fetch_data_from_response.create_workspace" name="createWorkspace" time="3.917"/>
  <system-out/>
</testsuite> <!-- fetch_data_from_response.create_workspace -->
