<?xml version="1.0" encoding="UTF-8"?>
<!-- Generated by org.testng.reporters.JUnitReportReporter -->
<testsuite hostname="LAPTOP-A0PV6E41" failures="0" tests="1" name="basicsapicalls.updateworkspace" time="2.540" errors="0" timestamp="2023-10-27T14:01:39 IST" skipped="0">
  <testcase classname="basicsapicalls.updateworkspace" name="updateWorkspace" time="2.540"/>
  <system-out/>
</testsuite> <!-- basicsapicalls.updateworkspace -->
